[Appium] Welcome to Appium v1.8.1
[Appium] Non-default server args:
[Appium]   port: 52130
[Appium]   loglevel: info
[Appium]   chromeDriverPort: 52131
[Appium]   tmpDir: /var/folders/z1/1wqljn2n5n318j98kx_3bpwr0000gn/T//Katalon/Appium/Temp1540448393474
[Appium] Appium REST http interface listener started on 0.0.0.0:52130
[HTTP] --> GET /wd/hub/status
[HTTP] {}
[HTTP] <-- GET /wd/hub/status 200 151 ms - 83
[HTTP] 
[HTTP] --> POST /wd/hub/session
[HTTP] {"desiredCapabilities":{"browserName":"Chrome","deviceName":"samsung SM-G965F (Android 8.0.0)","newCommandTimeout":1800,"platform":"ANDROID","platformName":"Android","udid":"21fa26a4270c7ece"},"capabilities":{"desiredCapabilities":{"browserName":"Chrome","deviceName":"samsung SM-G965F (Android 8.0.0)","newCommandTimeout":1800,"platform":"ANDROID","platformName":"Android","udid":"21fa26a4270c7ece"},"firstMatch":[{"browserName":"Chrome","platformName":"android"}]}}
[Appium] Could not parse W3C capabilities: 'deviceName' can't be blank. Falling back to JSONWP protocol.
[Appium] The following capabilities were provided in the JSONWP desired capabilities that are missing in W3C capabilities: ["browserName","deviceName","newCommandTimeout","platform","platformName","udid"]. Falling back to JSONWP protocol.
[Appium] Creating new AndroidDriver (v2.7.0) session
[Appium] Capabilities:
[Appium]   browserName: Chrome
[Appium]   deviceName: samsung SM-G965F (Android 8.0.0)
[Appium]   newCommandTimeout: 1800
[Appium]   platform: ANDROID
[Appium]   platformName: Android
[Appium]   udid: 21fa26a4270c7ece
[BaseDriver] The following capabilities were provided, but are not recognized by appium: platform.
[BaseDriver] Session created with session id: 4118b4fa-74e8-4eef-96ef-442b3c1659f0
[AndroidDriver] Java version is: 1.8.0_181
[AndroidDriver] We're going to run a Chrome-based session
[AndroidDriver] Chrome-type package and activity are com.android.chrome and com.google.android.apps.chrome.Main
[ADB] Checking whether adb is present
[ADB] Found 1 'build-tools' folders under '/Users/josefcihal/.katalon/tools/android_sdk' (newest first):
[ADB]     /Users/josefcihal/.katalon/tools/android_sdk/build-tools/28.0.3
[ADB] Using adb from /Users/josefcihal/.katalon/tools/android_sdk/platform-tools/adb
[AndroidDriver] Retrieving device list
[AndroidDriver] Using device: 21fa26a4270c7ece
[AndroidDriver] App file was not listed, instead we're going to run com.android.chrome directly on the device
[AndroidDriver] Starting Android session
[ADB] Checking whether aapt is present
[ADB] Using aapt from /Users/josefcihal/.katalon/tools/android_sdk/build-tools/28.0.3/aapt
[AndroidDriver] setDeviceLanguageCountry requires language or country.
[AndroidDriver] Got language: 'null' and country: 'null'
[ADB] Getting device platform version
[AndroidDriver] No app sent in, not parsing package/activity
[ADB] No uiautomator process found to kill, continuing...
[AndroidBootstrap] Android bootstrap socket is now connected
[AndroidDriver] Screen already unlocked, doing nothing
[AndroidDriver] Starting a chrome-based browser session
[Chromedriver] Set chromedriver binary as: /usr/local/lib/node_modules/appium/node_modules/appium-chromedriver/chromedriver/mac/chromedriver
[Chromedriver] No old chromedrivers seemed to exist
[Chromedriver] Spawning chromedriver with: /usr/local/lib/node_modules/appium/node_modules/appium-chromedriver/chromedriver/mac/chromedriver --url-base=wd/hub --port=52131 --adb-port=5037 --verbose
[Appium] New AndroidDriver session created successfully, session 4118b4fa-74e8-4eef-96ef-442b3c1659f0 added to master session list
[HTTP] <-- POST /wd/hub/session 200 6768 ms - 725
[HTTP] 
[HTTP] --> GET /wd/hub/status
[HTTP] {}
[HTTP] <-- GET /wd/hub/status 200 225 ms - 55
[HTTP] 
[HTTP] --> POST /wd/hub/session/4118b4fa-74e8-4eef-96ef-442b3c1659f0/timeouts
[HTTP] {"type":"implicit","ms":10000}
[W3C] Driver proxy active, passing request on via HTTP proxy
[JSONWP Proxy] Replacing sessionId 95573ad8be48aa6916a793f0e94ad8ae with 4118b4fa-74e8-4eef-96ef-442b3c1659f0
[HTTP] <-- POST /wd/hub/session/4118b4fa-74e8-4eef-96ef-442b3c1659f0/timeouts 200 13 ms - 76
[HTTP] 
[HTTP] --> POST /wd/hub/session/4118b4fa-74e8-4eef-96ef-442b3c1659f0/timeouts
[HTTP] {"type":"implicit","ms":0}
[W3C] Driver proxy active, passing request on via HTTP proxy
[JSONWP Proxy] Replacing sessionId 95573ad8be48aa6916a793f0e94ad8ae with 4118b4fa-74e8-4eef-96ef-442b3c1659f0
[HTTP] <-- POST /wd/hub/session/4118b4fa-74e8-4eef-96ef-442b3c1659f0/timeouts 200 5 ms - 76
[HTTP] 
[HTTP] --> POST /wd/hub/session/4118b4fa-74e8-4eef-96ef-442b3c1659f0/execute
[HTTP] {"script":"return navigator.sayswho= (function() { var ua= navigator.userAgent, tem, M= ua.match(/(opera|chrome|safari|firefox|msie|trident)\\/?\\s*(\\.?\\d+(\\.\\d+)*)/i) || []; if (/trident/i.test(M[1])) {     tem=  /\\brv[ :]+(\\d+)/g.exec(ua) || [];     return 'IE '+(tem[1] || ''); } if(M[1]=== 'Chrome') {     tem= ua.match(/\\b(OPR|Edge)\\/(\\d+)/);     if(tem!= null) return tem.slice(1).join(' ').replace('OPR', 'Opera'); } M= M[2]? [M[1], M[2]]: [navigator.appName, navigator.appVersion, '-?']; if((tem= ua.match(/version\\/(\\d+)/i))!= null) M.splice(1, 1, tem[1]); return M.join(' ').replace('MSIE', 'IE');})();","args":[]}
[W3C] Driver proxy active, passing request on via HTTP proxy
[JSONWP Proxy] Replacing sessionId 95573ad8be48aa6916a793f0e94ad8ae with 4118b4fa-74e8-4eef-96ef-442b3c1659f0
[HTTP] <-- POST /wd/hub/session/4118b4fa-74e8-4eef-96ef-442b3c1659f0/execute 200 87 ms - 93
[HTTP] 
[HTTP] --> POST /wd/hub/session/4118b4fa-74e8-4eef-96ef-442b3c1659f0/url
[HTTP] {"url":"https://dvk.deltecdev.com/operator/"}
[W3C] Driver proxy active, passing request on via HTTP proxy
[JSONWP Proxy] Replacing sessionId 95573ad8be48aa6916a793f0e94ad8ae with 4118b4fa-74e8-4eef-96ef-442b3c1659f0
[HTTP] <-- POST /wd/hub/session/4118b4fa-74e8-4eef-96ef-442b3c1659f0/url 200 1380 ms - 76
[HTTP] 
[HTTP] --> POST /wd/hub/session/4118b4fa-74e8-4eef-96ef-442b3c1659f0/elements
[HTTP] {"using":"xpath","value":"//input[@type = 'text' and @class = 'input__input ldb-login-form__step_username']"}
[W3C] Driver proxy active, passing request on via HTTP proxy
[JSONWP Proxy] Replacing sessionId 95573ad8be48aa6916a793f0e94ad8ae with 4118b4fa-74e8-4eef-96ef-442b3c1659f0
[HTTP] <-- POST /wd/hub/session/4118b4fa-74e8-4eef-96ef-442b3c1659f0/elements 200 548 ms - 74
[HTTP] 
[HTTP] --> POST /wd/hub/session/4118b4fa-74e8-4eef-96ef-442b3c1659f0/elements
[HTTP] {"using":"xpath","value":"//input[@type = 'text' and @class = 'input__input ldb-login-form__step_username']"}
[W3C] Driver proxy active, passing request on via HTTP proxy
[JSONWP Proxy] Replacing sessionId 95573ad8be48aa6916a793f0e94ad8ae with 4118b4fa-74e8-4eef-96ef-442b3c1659f0
[HTTP] <-- POST /wd/hub/session/4118b4fa-74e8-4eef-96ef-442b3c1659f0/elements 200 32 ms - 108
[HTTP] 
[HTTP] --> GET /wd/hub/session/4118b4fa-74e8-4eef-96ef-442b3c1659f0
[HTTP] {}
[W3C] Driver proxy active, passing request on via HTTP proxy
[JSONWP Proxy] Replacing sessionId 95573ad8be48aa6916a793f0e94ad8ae with 4118b4fa-74e8-4eef-96ef-442b3c1659f0
[HTTP] <-- GET /wd/hub/session/4118b4fa-74e8-4eef-96ef-442b3c1659f0 200 15 ms - 719
[HTTP] 
[HTTP] --> GET /wd/hub/session/4118b4fa-74e8-4eef-96ef-442b3c1659f0
[HTTP] {}
[W3C] Driver proxy active, passing request on via HTTP proxy
[JSONWP Proxy] Replacing sessionId 95573ad8be48aa6916a793f0e94ad8ae with 4118b4fa-74e8-4eef-96ef-442b3c1659f0
[HTTP] <-- GET /wd/hub/session/4118b4fa-74e8-4eef-96ef-442b3c1659f0 200 4 ms - 719
[HTTP] 
[HTTP] --> GET /wd/hub/session/4118b4fa-74e8-4eef-96ef-442b3c1659f0
[HTTP] {}
[W3C] Driver proxy active, passing request on via HTTP proxy
[JSONWP Proxy] Replacing sessionId 95573ad8be48aa6916a793f0e94ad8ae with 4118b4fa-74e8-4eef-96ef-442b3c1659f0
[HTTP] <-- GET /wd/hub/session/4118b4fa-74e8-4eef-96ef-442b3c1659f0 200 3 ms - 719
[HTTP] 
[HTTP] --> GET /wd/hub/session/4118b4fa-74e8-4eef-96ef-442b3c1659f0
[HTTP] {}
[W3C] Driver proxy active, passing request on via HTTP proxy
[JSONWP Proxy] Replacing sessionId 95573ad8be48aa6916a793f0e94ad8ae with 4118b4fa-74e8-4eef-96ef-442b3c1659f0
[HTTP] <-- GET /wd/hub/session/4118b4fa-74e8-4eef-96ef-442b3c1659f0 200 3 ms - 719
[HTTP] 
[HTTP] --> GET /wd/hub/session/4118b4fa-74e8-4eef-96ef-442b3c1659f0
[HTTP] {}
[W3C] Driver proxy active, passing request on via HTTP proxy
[JSONWP Proxy] Replacing sessionId 95573ad8be48aa6916a793f0e94ad8ae with 4118b4fa-74e8-4eef-96ef-442b3c1659f0
[HTTP] <-- GET /wd/hub/session/4118b4fa-74e8-4eef-96ef-442b3c1659f0 200 3 ms - 719
[HTTP] 
[HTTP] --> GET /wd/hub/session/4118b4fa-74e8-4eef-96ef-442b3c1659f0
[HTTP] {}
[W3C] Driver proxy active, passing request on via HTTP proxy
[JSONWP Proxy] Replacing sessionId 95573ad8be48aa6916a793f0e94ad8ae with 4118b4fa-74e8-4eef-96ef-442b3c1659f0
[HTTP] <-- GET /wd/hub/session/4118b4fa-74e8-4eef-96ef-442b3c1659f0 200 3 ms - 719
[HTTP] 
[HTTP] --> POST /wd/hub/session/4118b4fa-74e8-4eef-96ef-442b3c1659f0/element/0.8448636880468592-1/clear
[HTTP] {"id":"0.8448636880468592-1"}
[W3C] Driver proxy active, passing request on via HTTP proxy
[JSONWP Proxy] Replacing sessionId 95573ad8be48aa6916a793f0e94ad8ae with 4118b4fa-74e8-4eef-96ef-442b3c1659f0
[HTTP] <-- POST /wd/hub/session/4118b4fa-74e8-4eef-96ef-442b3c1659f0/element/0.8448636880468592-1/clear 200 43 ms - 76
[HTTP] 
[HTTP] --> POST /wd/hub/session/4118b4fa-74e8-4eef-96ef-442b3c1659f0/elements
[HTTP] {"using":"xpath","value":"//input[@type = 'text' and @class = 'input__input ldb-login-form__step_username']"}
[W3C] Driver proxy active, passing request on via HTTP proxy
[JSONWP Proxy] Replacing sessionId 95573ad8be48aa6916a793f0e94ad8ae with 4118b4fa-74e8-4eef-96ef-442b3c1659f0
[HTTP] <-- POST /wd/hub/session/4118b4fa-74e8-4eef-96ef-442b3c1659f0/elements 200 35 ms - 108
[HTTP] 
[HTTP] --> GET /wd/hub/session/4118b4fa-74e8-4eef-96ef-442b3c1659f0
[HTTP] {}
[W3C] Driver proxy active, passing request on via HTTP proxy
[JSONWP Proxy] Replacing sessionId 95573ad8be48aa6916a793f0e94ad8ae with 4118b4fa-74e8-4eef-96ef-442b3c1659f0
[HTTP] <-- GET /wd/hub/session/4118b4fa-74e8-4eef-96ef-442b3c1659f0 200 4 ms - 719
[HTTP] 
[HTTP] --> GET /wd/hub/session/4118b4fa-74e8-4eef-96ef-442b3c1659f0
[HTTP] {}
[W3C] Driver proxy active, passing request on via HTTP proxy
[JSONWP Proxy] Replacing sessionId 95573ad8be48aa6916a793f0e94ad8ae with 4118b4fa-74e8-4eef-96ef-442b3c1659f0
[HTTP] <-- GET /wd/hub/session/4118b4fa-74e8-4eef-96ef-442b3c1659f0 200 3 ms - 719
[HTTP] 
[HTTP] --> GET /wd/hub/session/4118b4fa-74e8-4eef-96ef-442b3c1659f0
[HTTP] {}
[W3C] Driver proxy active, passing request on via HTTP proxy
[JSONWP Proxy] Replacing sessionId 95573ad8be48aa6916a793f0e94ad8ae with 4118b4fa-74e8-4eef-96ef-442b3c1659f0
[HTTP] <-- GET /wd/hub/session/4118b4fa-74e8-4eef-96ef-442b3c1659f0 200 3 ms - 719
[HTTP] 
[HTTP] --> GET /wd/hub/session/4118b4fa-74e8-4eef-96ef-442b3c1659f0
[HTTP] {}
[W3C] Driver proxy active, passing request on via HTTP proxy
[JSONWP Proxy] Replacing sessionId 95573ad8be48aa6916a793f0e94ad8ae with 4118b4fa-74e8-4eef-96ef-442b3c1659f0
[HTTP] <-- GET /wd/hub/session/4118b4fa-74e8-4eef-96ef-442b3c1659f0 200 3 ms - 719
[HTTP] 
[HTTP] --> GET /wd/hub/session/4118b4fa-74e8-4eef-96ef-442b3c1659f0
[HTTP] {}
[W3C] Driver proxy active, passing request on via HTTP proxy
[JSONWP Proxy] Replacing sessionId 95573ad8be48aa6916a793f0e94ad8ae with 4118b4fa-74e8-4eef-96ef-442b3c1659f0
[HTTP] <-- GET /wd/hub/session/4118b4fa-74e8-4eef-96ef-442b3c1659f0 200 3 ms - 719
[HTTP] 
[HTTP] --> GET /wd/hub/session/4118b4fa-74e8-4eef-96ef-442b3c1659f0
[HTTP] {}
[W3C] Driver proxy active, passing request on via HTTP proxy
[JSONWP Proxy] Replacing sessionId 95573ad8be48aa6916a793f0e94ad8ae with 4118b4fa-74e8-4eef-96ef-442b3c1659f0
[HTTP] <-- GET /wd/hub/session/4118b4fa-74e8-4eef-96ef-442b3c1659f0 200 5 ms - 719
[HTTP] 
[HTTP] --> POST /wd/hub/session/4118b4fa-74e8-4eef-96ef-442b3c1659f0/element/0.8448636880468592-1/value
[HTTP] {"id":"0.8448636880468592-1","value":["test.operator@leveris.com"]}
[W3C] Driver proxy active, passing request on via HTTP proxy
[JSONWP Proxy] Replacing sessionId 95573ad8be48aa6916a793f0e94ad8ae with 4118b4fa-74e8-4eef-96ef-442b3c1659f0
[HTTP] <-- POST /wd/hub/session/4118b4fa-74e8-4eef-96ef-442b3c1659f0/element/0.8448636880468592-1/value 200 1075 ms - 76
[HTTP] 
[HTTP] --> POST /wd/hub/session/4118b4fa-74e8-4eef-96ef-442b3c1659f0/elements
[HTTP] {"using":"xpath","value":"//input[@type = 'password' and @class = 'input__input ldb-login-form__step_password inputs-password__input']"}
[W3C] Driver proxy active, passing request on via HTTP proxy
[JSONWP Proxy] Replacing sessionId 95573ad8be48aa6916a793f0e94ad8ae with 4118b4fa-74e8-4eef-96ef-442b3c1659f0
[HTTP] <-- POST /wd/hub/session/4118b4fa-74e8-4eef-96ef-442b3c1659f0/elements 200 35 ms - 108
[HTTP] 
[HTTP] --> GET /wd/hub/session/4118b4fa-74e8-4eef-96ef-442b3c1659f0
[HTTP] {}
[W3C] Driver proxy active, passing request on via HTTP proxy
[JSONWP Proxy] Replacing sessionId 95573ad8be48aa6916a793f0e94ad8ae with 4118b4fa-74e8-4eef-96ef-442b3c1659f0
[HTTP] <-- GET /wd/hub/session/4118b4fa-74e8-4eef-96ef-442b3c1659f0 200 4 ms - 719
[HTTP] 
[HTTP] --> GET /wd/hub/session/4118b4fa-74e8-4eef-96ef-442b3c1659f0
[HTTP] {}
[W3C] Driver proxy active, passing request on via HTTP proxy
[JSONWP Proxy] Replacing sessionId 95573ad8be48aa6916a793f0e94ad8ae with 4118b4fa-74e8-4eef-96ef-442b3c1659f0
[HTTP] <-- GET /wd/hub/session/4118b4fa-74e8-4eef-96ef-442b3c1659f0 200 6 ms - 719
[HTTP] 
[HTTP] --> GET /wd/hub/session/4118b4fa-74e8-4eef-96ef-442b3c1659f0
[HTTP] {}
[W3C] Driver proxy active, passing request on via HTTP proxy
[JSONWP Proxy] Replacing sessionId 95573ad8be48aa6916a793f0e94ad8ae with 4118b4fa-74e8-4eef-96ef-442b3c1659f0
[HTTP] <-- GET /wd/hub/session/4118b4fa-74e8-4eef-96ef-442b3c1659f0 200 5 ms - 719
[HTTP] 
[HTTP] --> GET /wd/hub/session/4118b4fa-74e8-4eef-96ef-442b3c1659f0
[HTTP] {}
[W3C] Driver proxy active, passing request on via HTTP proxy
[JSONWP Proxy] Replacing sessionId 95573ad8be48aa6916a793f0e94ad8ae with 4118b4fa-74e8-4eef-96ef-442b3c1659f0
[HTTP] <-- GET /wd/hub/session/4118b4fa-74e8-4eef-96ef-442b3c1659f0 200 4 ms - 719
[HTTP] 
[HTTP] --> GET /wd/hub/session/4118b4fa-74e8-4eef-96ef-442b3c1659f0
[HTTP] {}
[W3C] Driver proxy active, passing request on via HTTP proxy
[JSONWP Proxy] Replacing sessionId 95573ad8be48aa6916a793f0e94ad8ae with 4118b4fa-74e8-4eef-96ef-442b3c1659f0
[HTTP] <-- GET /wd/hub/session/4118b4fa-74e8-4eef-96ef-442b3c1659f0 200 3 ms - 719
[HTTP] 
[HTTP] --> GET /wd/hub/session/4118b4fa-74e8-4eef-96ef-442b3c1659f0
[HTTP] {}
[W3C] Driver proxy active, passing request on via HTTP proxy
[JSONWP Proxy] Replacing sessionId 95573ad8be48aa6916a793f0e94ad8ae with 4118b4fa-74e8-4eef-96ef-442b3c1659f0
[HTTP] <-- GET /wd/hub/session/4118b4fa-74e8-4eef-96ef-442b3c1659f0 200 6 ms - 719
[HTTP] 
[HTTP] --> POST /wd/hub/session/4118b4fa-74e8-4eef-96ef-442b3c1659f0/element/0.8448636880468592-2/clear
[HTTP] {"id":"0.8448636880468592-2"}
[W3C] Driver proxy active, passing request on via HTTP proxy
[JSONWP Proxy] Replacing sessionId 95573ad8be48aa6916a793f0e94ad8ae with 4118b4fa-74e8-4eef-96ef-442b3c1659f0
[HTTP] <-- POST /wd/hub/session/4118b4fa-74e8-4eef-96ef-442b3c1659f0/element/0.8448636880468592-2/clear 200 119 ms - 76
[HTTP] 
[HTTP] --> POST /wd/hub/session/4118b4fa-74e8-4eef-96ef-442b3c1659f0/elements
[HTTP] {"using":"xpath","value":"//input[@type = 'password' and @class = 'input__input ldb-login-form__step_password inputs-password__input']"}
[W3C] Driver proxy active, passing request on via HTTP proxy
[JSONWP Proxy] Replacing sessionId 95573ad8be48aa6916a793f0e94ad8ae with 4118b4fa-74e8-4eef-96ef-442b3c1659f0
[HTTP] <-- POST /wd/hub/session/4118b4fa-74e8-4eef-96ef-442b3c1659f0/elements 200 32 ms - 108
[HTTP] 
[HTTP] --> GET /wd/hub/session/4118b4fa-74e8-4eef-96ef-442b3c1659f0
[HTTP] {}
[W3C] Driver proxy active, passing request on via HTTP proxy
[JSONWP Proxy] Replacing sessionId 95573ad8be48aa6916a793f0e94ad8ae with 4118b4fa-74e8-4eef-96ef-442b3c1659f0
[HTTP] <-- GET /wd/hub/session/4118b4fa-74e8-4eef-96ef-442b3c1659f0 200 4 ms - 719
[HTTP] 
[HTTP] --> GET /wd/hub/session/4118b4fa-74e8-4eef-96ef-442b3c1659f0
[HTTP] {}
[W3C] Driver proxy active, passing request on via HTTP proxy
[JSONWP Proxy] Replacing sessionId 95573ad8be48aa6916a793f0e94ad8ae with 4118b4fa-74e8-4eef-96ef-442b3c1659f0
[HTTP] <-- GET /wd/hub/session/4118b4fa-74e8-4eef-96ef-442b3c1659f0 200 5 ms - 719
[HTTP] 
[HTTP] --> GET /wd/hub/session/4118b4fa-74e8-4eef-96ef-442b3c1659f0
[HTTP] {}
[W3C] Driver proxy active, passing request on via HTTP proxy
[JSONWP Proxy] Replacing sessionId 95573ad8be48aa6916a793f0e94ad8ae with 4118b4fa-74e8-4eef-96ef-442b3c1659f0
[HTTP] <-- GET /wd/hub/session/4118b4fa-74e8-4eef-96ef-442b3c1659f0 200 3 ms - 719
[HTTP] 
[HTTP] --> GET /wd/hub/session/4118b4fa-74e8-4eef-96ef-442b3c1659f0
[HTTP] {}
[W3C] Driver proxy active, passing request on via HTTP proxy
[JSONWP Proxy] Replacing sessionId 95573ad8be48aa6916a793f0e94ad8ae with 4118b4fa-74e8-4eef-96ef-442b3c1659f0
[HTTP] <-- GET /wd/hub/session/4118b4fa-74e8-4eef-96ef-442b3c1659f0 200 4 ms - 719
[HTTP] 
[HTTP] --> GET /wd/hub/session/4118b4fa-74e8-4eef-96ef-442b3c1659f0
[HTTP] {}
[W3C] Driver proxy active, passing request on via HTTP proxy
[JSONWP Proxy] Replacing sessionId 95573ad8be48aa6916a793f0e94ad8ae with 4118b4fa-74e8-4eef-96ef-442b3c1659f0
[HTTP] <-- GET /wd/hub/session/4118b4fa-74e8-4eef-96ef-442b3c1659f0 200 4 ms - 719
[HTTP] 
[HTTP] --> GET /wd/hub/session/4118b4fa-74e8-4eef-96ef-442b3c1659f0
[HTTP] {}
[W3C] Driver proxy active, passing request on via HTTP proxy
[JSONWP Proxy] Replacing sessionId 95573ad8be48aa6916a793f0e94ad8ae with 4118b4fa-74e8-4eef-96ef-442b3c1659f0
[HTTP] <-- GET /wd/hub/session/4118b4fa-74e8-4eef-96ef-442b3c1659f0 200 4 ms - 719
[HTTP] 
[HTTP] --> POST /wd/hub/session/4118b4fa-74e8-4eef-96ef-442b3c1659f0/element/0.8448636880468592-2/value
[HTTP] {"id":"0.8448636880468592-2","value":["Password1122"]}
[W3C] Driver proxy active, passing request on via HTTP proxy
[JSONWP Proxy] Replacing sessionId 95573ad8be48aa6916a793f0e94ad8ae with 4118b4fa-74e8-4eef-96ef-442b3c1659f0
[HTTP] <-- POST /wd/hub/session/4118b4fa-74e8-4eef-96ef-442b3c1659f0/element/0.8448636880468592-2/value 200 363 ms - 76
[HTTP] 
[HTTP] --> POST /wd/hub/session/4118b4fa-74e8-4eef-96ef-442b3c1659f0/elements
[HTTP] {"using":"xpath","value":"//button[@type = 'submit' and @class = 'inputs__button inputs__button_primary ldb-login-form__button_submit']"}
[W3C] Driver proxy active, passing request on via HTTP proxy
[JSONWP Proxy] Replacing sessionId 95573ad8be48aa6916a793f0e94ad8ae with 4118b4fa-74e8-4eef-96ef-442b3c1659f0
[HTTP] <-- POST /wd/hub/session/4118b4fa-74e8-4eef-96ef-442b3c1659f0/elements 200 32 ms - 108
[HTTP] 
[HTTP] --> GET /wd/hub/session/4118b4fa-74e8-4eef-96ef-442b3c1659f0
[HTTP] {}
[W3C] Driver proxy active, passing request on via HTTP proxy
[JSONWP Proxy] Replacing sessionId 95573ad8be48aa6916a793f0e94ad8ae with 4118b4fa-74e8-4eef-96ef-442b3c1659f0
[HTTP] <-- GET /wd/hub/session/4118b4fa-74e8-4eef-96ef-442b3c1659f0 200 5 ms - 719
[HTTP] 
[HTTP] --> GET /wd/hub/session/4118b4fa-74e8-4eef-96ef-442b3c1659f0
[HTTP] {}
[W3C] Driver proxy active, passing request on via HTTP proxy
[JSONWP Proxy] Replacing sessionId 95573ad8be48aa6916a793f0e94ad8ae with 4118b4fa-74e8-4eef-96ef-442b3c1659f0
[HTTP] <-- GET /wd/hub/session/4118b4fa-74e8-4eef-96ef-442b3c1659f0 200 12 ms - 719
[HTTP] 
[HTTP] --> GET /wd/hub/session/4118b4fa-74e8-4eef-96ef-442b3c1659f0
[HTTP] {}
[W3C] Driver proxy active, passing request on via HTTP proxy
[JSONWP Proxy] Replacing sessionId 95573ad8be48aa6916a793f0e94ad8ae with 4118b4fa-74e8-4eef-96ef-442b3c1659f0
[HTTP] <-- GET /wd/hub/session/4118b4fa-74e8-4eef-96ef-442b3c1659f0 200 11 ms - 719
[HTTP] 
[HTTP] --> GET /wd/hub/session/4118b4fa-74e8-4eef-96ef-442b3c1659f0
[HTTP] {}
[W3C] Driver proxy active, passing request on via HTTP proxy
[JSONWP Proxy] Replacing sessionId 95573ad8be48aa6916a793f0e94ad8ae with 4118b4fa-74e8-4eef-96ef-442b3c1659f0
[HTTP] <-- GET /wd/hub/session/4118b4fa-74e8-4eef-96ef-442b3c1659f0 200 3 ms - 719
[HTTP] 
[HTTP] --> GET /wd/hub/session/4118b4fa-74e8-4eef-96ef-442b3c1659f0
[HTTP] {}
[W3C] Driver proxy active, passing request on via HTTP proxy
[JSONWP Proxy] Replacing sessionId 95573ad8be48aa6916a793f0e94ad8ae with 4118b4fa-74e8-4eef-96ef-442b3c1659f0
[HTTP] <-- GET /wd/hub/session/4118b4fa-74e8-4eef-96ef-442b3c1659f0 200 7 ms - 719
[HTTP] 
[HTTP] --> GET /wd/hub/session/4118b4fa-74e8-4eef-96ef-442b3c1659f0
[HTTP] {}
[W3C] Driver proxy active, passing request on via HTTP proxy
[JSONWP Proxy] Replacing sessionId 95573ad8be48aa6916a793f0e94ad8ae with 4118b4fa-74e8-4eef-96ef-442b3c1659f0
[HTTP] <-- GET /wd/hub/session/4118b4fa-74e8-4eef-96ef-442b3c1659f0 200 3 ms - 719
[HTTP] 
[HTTP] --> POST /wd/hub/session/4118b4fa-74e8-4eef-96ef-442b3c1659f0/element/0.8448636880468592-3/click
[HTTP] {"id":"0.8448636880468592-3"}
[W3C] Driver proxy active, passing request on via HTTP proxy
[JSONWP Proxy] Replacing sessionId 95573ad8be48aa6916a793f0e94ad8ae with 4118b4fa-74e8-4eef-96ef-442b3c1659f0
[HTTP] <-- POST /wd/hub/session/4118b4fa-74e8-4eef-96ef-442b3c1659f0/element/0.8448636880468592-3/click 200 369 ms - 76
[HTTP] 
[HTTP] --> POST /wd/hub/session/4118b4fa-74e8-4eef-96ef-442b3c1659f0/elements
[HTTP] {"using":"xpath","value":"//h1[(text() = 'Home' or . = 'Home')]"}
[W3C] Driver proxy active, passing request on via HTTP proxy
[JSONWP Proxy] Replacing sessionId 95573ad8be48aa6916a793f0e94ad8ae with 4118b4fa-74e8-4eef-96ef-442b3c1659f0
[HTTP] <-- POST /wd/hub/session/4118b4fa-74e8-4eef-96ef-442b3c1659f0/elements 200 50 ms - 74
[HTTP] 
[HTTP] --> POST /wd/hub/session/4118b4fa-74e8-4eef-96ef-442b3c1659f0/elements
[HTTP] {"using":"xpath","value":"//h1[(text() = 'Home' or . = 'Home')]"}
[W3C] Driver proxy active, passing request on via HTTP proxy
[JSONWP Proxy] Replacing sessionId 95573ad8be48aa6916a793f0e94ad8ae with 4118b4fa-74e8-4eef-96ef-442b3c1659f0
[HTTP] <-- POST /wd/hub/session/4118b4fa-74e8-4eef-96ef-442b3c1659f0/elements 200 212 ms - 74
[HTTP] 
[HTTP] --> POST /wd/hub/session/4118b4fa-74e8-4eef-96ef-442b3c1659f0/elements
[HTTP] {"using":"xpath","value":"//h1[(text() = 'Home' or . = 'Home')]"}
[W3C] Driver proxy active, passing request on via HTTP proxy
[JSONWP Proxy] Replacing sessionId 95573ad8be48aa6916a793f0e94ad8ae with 4118b4fa-74e8-4eef-96ef-442b3c1659f0
[HTTP] <-- POST /wd/hub/session/4118b4fa-74e8-4eef-96ef-442b3c1659f0/elements 200 26 ms - 108
[HTTP] 
[HTTP] --> GET /wd/hub/session/4118b4fa-74e8-4eef-96ef-442b3c1659f0
[HTTP] {}
[W3C] Driver proxy active, passing request on via HTTP proxy
[JSONWP Proxy] Replacing sessionId 95573ad8be48aa6916a793f0e94ad8ae with 4118b4fa-74e8-4eef-96ef-442b3c1659f0
[HTTP] <-- GET /wd/hub/session/4118b4fa-74e8-4eef-96ef-442b3c1659f0 200 3 ms - 719
[HTTP] 
[HTTP] --> GET /wd/hub/session/4118b4fa-74e8-4eef-96ef-442b3c1659f0
[HTTP] {}
[W3C] Driver proxy active, passing request on via HTTP proxy
[JSONWP Proxy] Replacing sessionId 95573ad8be48aa6916a793f0e94ad8ae with 4118b4fa-74e8-4eef-96ef-442b3c1659f0
[HTTP] <-- GET /wd/hub/session/4118b4fa-74e8-4eef-96ef-442b3c1659f0 200 3 ms - 719
[HTTP] 
[HTTP] --> GET /wd/hub/session/4118b4fa-74e8-4eef-96ef-442b3c1659f0
[HTTP] {}
[W3C] Driver proxy active, passing request on via HTTP proxy
[JSONWP Proxy] Replacing sessionId 95573ad8be48aa6916a793f0e94ad8ae with 4118b4fa-74e8-4eef-96ef-442b3c1659f0
[HTTP] <-- GET /wd/hub/session/4118b4fa-74e8-4eef-96ef-442b3c1659f0 200 3 ms - 719
[HTTP] 
[HTTP] --> GET /wd/hub/session/4118b4fa-74e8-4eef-96ef-442b3c1659f0
[HTTP] {}
[W3C] Driver proxy active, passing request on via HTTP proxy
[JSONWP Proxy] Replacing sessionId 95573ad8be48aa6916a793f0e94ad8ae with 4118b4fa-74e8-4eef-96ef-442b3c1659f0
[HTTP] <-- GET /wd/hub/session/4118b4fa-74e8-4eef-96ef-442b3c1659f0 200 3 ms - 719
[HTTP] 
[HTTP] --> GET /wd/hub/session/4118b4fa-74e8-4eef-96ef-442b3c1659f0
[HTTP] {}
[W3C] Driver proxy active, passing request on via HTTP proxy
[JSONWP Proxy] Replacing sessionId 95573ad8be48aa6916a793f0e94ad8ae with 4118b4fa-74e8-4eef-96ef-442b3c1659f0
[HTTP] <-- GET /wd/hub/session/4118b4fa-74e8-4eef-96ef-442b3c1659f0 200 3 ms - 719
[HTTP] 
[HTTP] --> GET /wd/hub/session/4118b4fa-74e8-4eef-96ef-442b3c1659f0
[HTTP] {}
[W3C] Driver proxy active, passing request on via HTTP proxy
[JSONWP Proxy] Replacing sessionId 95573ad8be48aa6916a793f0e94ad8ae with 4118b4fa-74e8-4eef-96ef-442b3c1659f0
[HTTP] <-- GET /wd/hub/session/4118b4fa-74e8-4eef-96ef-442b3c1659f0 200 3 ms - 719
[HTTP] 
[HTTP] --> GET /wd/hub/session/4118b4fa-74e8-4eef-96ef-442b3c1659f0/element/0.8448636880468592-4/displayed
[HTTP] {}
[W3C] Driver proxy active, passing request on via HTTP proxy
[JSONWP Proxy] Replacing sessionId 95573ad8be48aa6916a793f0e94ad8ae with 4118b4fa-74e8-4eef-96ef-442b3c1659f0
[HTTP] <-- GET /wd/hub/session/4118b4fa-74e8-4eef-96ef-442b3c1659f0/element/0.8448636880468592-4/displayed 200 46 ms - 76
[HTTP] 
[HTTP] --> DELETE /wd/hub/session/4118b4fa-74e8-4eef-96ef-442b3c1659f0
[HTTP] {}
[Appium] Removing session 4118b4fa-74e8-4eef-96ef-442b3c1659f0 from our master session list
[ADB] No uiautomator process found to kill, continuing...
[HTTP] <-- DELETE /wd/hub/session/4118b4fa-74e8-4eef-96ef-442b3c1659f0 200 800 ms - 76
[HTTP] 
